Number of sequences analyzed:        15

Sequence 1 : /media/sf_git_projects/transmission_toolkit/demo/group_1/parsnp/sequence.fasta.ref
sequence.fasta.ref
Length:     29903 bps
 GC:   11355.0
 AT:   18548.0
Sequence 2 : demo/group_1/tmp/ERR4144817.fna
ERR4144817.fna
Length:     29903 bps
 GC:   11355.0
 AT:   18548.0
Sequence 3 : demo/group_1/tmp/ERR4144818.fna
ERR4144818.fna
Length:     29903 bps
 GC:   11355.0
 AT:   18548.0
Sequence 4 : demo/group_1/tmp/ERR4144820.fna
ERR4144820.fna
Length:     29903 bps
 GC:   11355.0
 AT:   18548.0
Sequence 5 : demo/group_1/tmp/ERR4144819.fna
ERR4144819.fna
Length:     29903 bps
 GC:   11355.0
 AT:   18548.0
Sequence 6 : demo/group_1/tmp/ERR4144873.fna
ERR4144873.fna
Length:     29903 bps
 GC:   11355.0
 AT:   18548.0
Sequence 7 : demo/group_1/tmp/ERR4144874.fna
ERR4144874.fna
Length:     29903 bps
 GC:   11355.0
 AT:   18548.0
Sequence 8 : demo/group_1/tmp/ERR4144875.fna
ERR4144875.fna
Length:     29903 bps
 GC:   11355.0
 AT:   18548.0
Sequence 9 : demo/group_1/tmp/ERR4145131.fna
ERR4145131.fna
Length:     29903 bps
 GC:   11355.0
 AT:   18548.0
Sequence 10 : demo/group_1/tmp/ERR4145132.fna
ERR4145132.fna
Length:     29903 bps
 GC:   11355.0
 AT:   18548.0
Sequence 11 : demo/group_1/tmp/ERR4145175.fna
ERR4145175.fna
Length:     29903 bps
 GC:   11355.0
 AT:   18548.0
Sequence 12 : demo/group_1/tmp/ERR4145220.fna
ERR4145220.fna
Length:     29903 bps
 GC:   11355.0
 AT:   18548.0
Sequence 13 : demo/group_1/tmp/ERR4145203.fna
ERR4145203.fna
Length:     29903 bps
 GC:   11355.0
 AT:   18548.0
Sequence 14 : demo/group_1/tmp/ERR4145230.fna
ERR4145230.fna
Length:     29903 bps
 GC:   11355.0
 AT:   18548.0
Sequence 15 : demo/group_1/tmp/ERR4145250.fna
ERR4145250.fna
Length:     29903 bps
 GC:   11355.0
 AT:   18548.0
d value:   300
q value:   30

Mum anchor size:   17.0
Number of MUM anchors found:   1 
Number of MUMs found:   0 
Total MUMs found((Anchors+MUMs)-filtered):   1 

Random MUM length:   1 
Minimum Cluster length:   21
Number of MUMs filtered:   0 
Number of Clusters filtered:   0 

Number of clusters created:   1 
Average number of MUMs per cluster:   1 
Average cluster length:   29903 bps
Cluster coverage in sequence 1:   100.0%
Cluster coverage in sequence 2:   100.0%
Cluster coverage in sequence 3:   100.0%
Cluster coverage in sequence 4:   100.0%
Cluster coverage in sequence 5:   100.0%
Cluster coverage in sequence 6:   100.0%
Cluster coverage in sequence 7:   100.0%
Cluster coverage in sequence 8:   100.0%
Cluster coverage in sequence 9:   100.0%
Cluster coverage in sequence 10:   100.0%
Cluster coverage in sequence 11:   100.0%
Cluster coverage in sequence 12:   100.0%
Cluster coverage in sequence 13:   100.0%
Cluster coverage in sequence 14:   100.0%
Cluster coverage in sequence 15:   100.0%
Total coverage among all sequences:   100.0%

 MUM anchor search elapsed time:   1.0s 
 MUM coarsening elapsed time:   0.0s 
 MUM filtering elapsed time:   0.0s 
 MUM clustering elapsed time:   0.0s 
 Inter-clustering elapsed time:   0.0s 
 Total running time:   1.0s 
